<?xml version="1.0" encoding="UTF-8"?>
<coverage generated="1651075910491" clover="3.2.0">
  <project timestamp="1651075910491" name="All files">
    <metrics statements="7" coveredstatements="7" conditionals="2" coveredconditionals="2" methods="1" coveredmethods="1" elements="10" coveredelements="10" complexity="0" loc="7" ncloc="7" packages="1" files="1" classes="1"/>
    <file name="inverseRobot.js" path="D:\project\js\js_inverse_robot\src\inverseRobot.js">
      <metrics statements="7" coveredstatements="7" conditionals="2" coveredconditionals="2" methods="1" coveredmethods="1"/>
      <line num="28" count="9" type="stmt"/>
      <line num="30" count="9" type="stmt"/>
      <line num="31" count="22" type="cond" truecount="2" falsecount="0"/>
      <line num="32" count="4" type="stmt"/>
      <line num="34" count="18" type="stmt"/>
      <line num="37" count="5" type="stmt"/>
      <line num="40" count="1" type="stmt"/>
    </file>
  </project>
</coverage>
