{"D:\\project\\js\\js_inverse_robot\\src\\inverseRobot.js": {"path":"D:\\project\\js\\js_inverse_robot\\src\\inverseRobot.js","statementMap":{"0":{"start":{"line":28,"column":17},"end":{"line":28,"column":19}},"1":{"start":{"line":30,"column":2},"end":{"line":35,"column":3}},"2":{"start":{"line":31,"column":4},"end":{"line":33,"column":5}},"3":{"start":{"line":32,"column":6},"end":{"line":32,"column":18}},"4":{"start":{"line":34,"column":4},"end":{"line":34,"column":25}},"5":{"start":{"line":37,"column":2},"end":{"line":37,"column":16}},"6":{"start":{"line":40,"column":0},"end":{"line":40,"column":30}}},"fnMap":{"0":{"name":"inverseRobot","decl":{"start":{"line":26,"column":9},"end":{"line":26,"column":21}},"loc":{"start":{"line":26,"column":29},"end":{"line":38,"column":1}},"line":26}},"branchMap":{"0":{"loc":{"start":{"line":31,"column":4},"end":{"line":33,"column":5}},"type":"if","locations":[{"start":{"line":31,"column":4},"end":{"line":33,"column":5}},{"start":{"line":31,"column":4},"end":{"line":33,"column":5}}],"line":31}},"s":{"0":9,"1":9,"2":22,"3":4,"4":18,"5":5,"6":1},"f":{"0":9},"b":{"0":[4,18]},"_coverageSchema":"43e27e138ebf9cfc5966b082cf9a028302ed4184","hash":"f9f5b5256af6d02fa46f2cef1b92f39aae4aa81f"}
}
